Nome: Chris Redfield
Tipo de Aluno: IF
Prontuário: a8792342
Câmpus: Raccon City
Estado: outro
Curso: Informática
Módulo: 4° Módulo
Data de nascimento: 1992-02-04
Tipo: Leitura
Dia: 02/02/2018
Hora: 07:11:27pm
UA: Mozilla/5.0 (Windows NT 6.1; Win64; x64) AppleWebKit/537.36 (KHTML, like Gecko) Chrome/62.0.3202.75 Safari/537.36
 
Nome: Big Boss
Tipo de Aluno: IF
Prontuário: a438934x
Câmpus: Outer Heaven
Estado: outro
Curso: Edificações
Módulo: 4° Módulo
Data de nascimento: 1964-06-24
Tipo: Leitura
Dia: 02/02/2018
Hora: 07:12:50pm
UA: Mozilla/5.0 (Windows NT 6.1; Win64; x64) AppleWebKit/537.36 (KHTML, like Gecko) Chrome/62.0.3202.75 Safari/537.36
 
Nome: Leon S. Kenneth
Tipo de Aluno: IF
Prontuário: a8585329
Câmpus: Raccon City 
Estado: outro
Curso: Informática
Módulo: 3° Módulo
Data de nascimento: 1981-02-19
Tipo: Leitura
Dia: 03/02/2018
Hora: 03:55:04pm
UA: Mozilla/5.0 (Windows NT 6.1; Win64; x64) AppleWebKit/537.36 (KHTML, like Gecko) Chrome/62.0.3202.75 Safari/537.36
 
Nome: Ada Wong
Tipo de Aluno: IF
Prontuário: a897678
Câmpus: Raccoon City
Estado: outro
Curso: Outro curso...
Módulo: 4° Módulo
Data de nascimento: 1982-01-04
Tipo: Leitura
Dia: 03/02/2018
Hora: 04:04:58pm
UA: Mozilla/5.0 (Windows NT 6.1; Win64; x64) AppleWebKit/537.36 (KHTML, like Gecko) Chrome/62.0.3202.75 Safari/537.36
 
Nome: Digão
Tipo de Aluno: IF
Prontuário: ahahaha
Câmpus: Sei Lá
Estado: sp
Curso: Informática
Módulo: 1° Módulo
Data de nascimento: 2018-02-22
Tipo: Leitura
Dia: 05/02/2018
Hora: 08:15:47pm
UA: Mozilla/5.0 (Windows NT 6.1; Win64; x64) AppleWebKit/537.36 (KHTML, like Gecko) Chrome/62.0.3202.75 Safari/537.36
 
Nome: Batatão
Tipo de Aluno: IF
Prontuário: a2393245
Câmpus: Batata City
Estado: sp
Curso: Informática
Módulo: 1° Módulo
Data de nascimento: 
Tipo: Leitura
Dia: 01/03/2018
Hora: 10:52:07pm
UA: Mozilla/5.0 (Windows NT 6.1; Win64; x64) AppleWebKit/537.36 (KHTML, like Gecko) Chrome/62.0.3202.75 Safari/537.36
 
Nome: Diego Lopes Pedro
Tipo de Aluno: IF
Prontuário: a1703293
Câmpus: Caraguatatuba
Estado: sp
Curso: Informática
Módulo: 3° Módulo
Data de nascimento: 2018-06-21
Tipo: Leitura
Dia: 16/06/2018
Hora: 01:34:12pm
UA: Mozilla/5.0 (Windows NT 6.1; Win64; x64) AppleWebKit/537.36 (KHTML, like Gecko) Chrome/67.0.3396.87 Safari/537.36
 
